\BOOKMARK [1][-]{section.1}{\376\377\000I\000n\000t\000r\000o\000d\000u\000c\000t\000i\000o\000n}{}% 1
\BOOKMARK [2][-]{subsection.1.1}{\376\377\000P\000u\000r\000p\000o\000s\000e}{section.1}% 2
\BOOKMARK [3][-]{subsubsection.1.1.1}{\376\377\000G\000o\000a\000l\000s}{subsection.1.1}% 3
\BOOKMARK [2][-]{subsection.1.2}{\376\377\000S\000c\000o\000p\000e}{section.1}% 4
\BOOKMARK [3][-]{subsubsection.1.2.1}{\376\377\000P\000h\000e\000n\000o\000m\000e\000n\000a}{subsection.1.2}% 5
\BOOKMARK [4][-]{subsubsubsection.1.2.1.1}{\376\377\000W\000o\000r\000l\000d\000\040\000p\000h\000e\000n\000o\000m\000e\000n\000a}{subsubsection.1.2.1}% 6
\BOOKMARK [4][-]{subsubsubsection.1.2.1.2}{\376\377\000S\000h\000a\000r\000e\000d\000\040\000p\000h\000e\000n\000o\000m\000e\000n\000a}{subsubsection.1.2.1}% 7
\BOOKMARK [4][-]{subsubsubsection.1.2.1.3}{\376\377\000M\000a\000c\000h\000i\000n\000e\000\040\000p\000h\000e\000n\000o\000m\000e\000n\000a}{subsubsection.1.2.1}% 8
\BOOKMARK [2][-]{subsection.1.3}{\376\377\000D\000e\000f\000i\000n\000i\000t\000i\000o\000n\000s\000,\000\040\000a\000c\000r\000o\000n\000y\000m\000s\000,\000\040\000a\000b\000b\000r\000e\000v\000i\000a\000t\000i\000o\000n\000s}{section.1}% 9
\BOOKMARK [3][-]{subsubsection.1.3.1}{\376\377\000D\000e\000f\000i\000n\000i\000t\000i\000o\000n\000s}{subsection.1.3}% 10
\BOOKMARK [3][-]{subsubsection.1.3.2}{\376\377\000A\000c\000r\000o\000n\000y\000m\000s}{subsection.1.3}% 11
\BOOKMARK [3][-]{subsubsection.1.3.3}{\376\377\000A\000b\000b\000r\000e\000v\000i\000a\000t\000i\000o\000n\000s}{subsection.1.3}% 12
\BOOKMARK [2][-]{subsection.1.4}{\376\377\000R\000e\000v\000i\000s\000i\000o\000n\000\040\000h\000i\000s\000t\000o\000r\000y}{section.1}% 13
\BOOKMARK [2][-]{subsection.1.5}{\376\377\000R\000e\000f\000e\000r\000e\000n\000c\000e\000\040\000d\000o\000c\000u\000m\000e\000n\000t\000s}{section.1}% 14
\BOOKMARK [2][-]{subsection.1.6}{\376\377\000D\000o\000c\000u\000m\000e\000n\000t\000\040\000s\000t\000r\000u\000c\000t\000u\000r\000e}{section.1}% 15
\BOOKMARK [1][-]{section.2}{\376\377\000O\000v\000e\000r\000a\000l\000l\000\040\000d\000e\000s\000c\000r\000i\000p\000t\000i\000o\000n}{}% 16
\BOOKMARK [2][-]{subsection.2.1}{\376\377\000P\000r\000o\000d\000u\000c\000t\000\040\000p\000e\000r\000s\000p\000e\000c\000t\000i\000v\000e}{section.2}% 17
\BOOKMARK [3][-]{subsubsection.2.1.1}{\376\377\000S\000c\000e\000n\000a\000r\000i\000o\000s}{subsection.2.1}% 18
\BOOKMARK [4][-]{subsubsubsection.2.1.1.1}{\376\377\000S\000t\000u\000d\000e\000n\000t\000\040\000s\000i\000g\000n\000\040\000u\000p\000\040\000t\000o\000\040\000t\000h\000e\000\040\000p\000l\000a\000t\000f\000o\000r\000m}{subsubsection.2.1.1}% 19
\BOOKMARK [4][-]{subsubsubsection.2.1.1.2}{\376\377\000E\000d\000u\000c\000a\000t\000o\000r\000\040\000s\000i\000g\000n\000\040\000u\000p\000\040\000t\000o\000\040\000t\000h\000e\000\040\000p\000l\000a\000t\000f\000o\000r\000m}{subsubsection.2.1.1}% 20
\BOOKMARK [4][-]{subsubsubsection.2.1.1.3}{\376\377\000E\000d\000u\000c\000a\000t\000o\000r\000\040\000c\000r\000e\000a\000t\000e\000s\000\040\000a\000\040\000n\000e\000w\000\040\000t\000o\000u\000r\000n\000a\000m\000e\000n\000t\000\040\000\050\000a\000n\000d\000\040\000b\000a\000d\000g\000e\000s\000\051}{subsubsection.2.1.1}% 21
\BOOKMARK [4][-]{subsubsubsection.2.1.1.4}{\376\377\000E\000d\000u\000c\000a\000t\000o\000r\000\040\000c\000r\000e\000a\000t\000e\000s\000\040\000a\000\040\000n\000e\000w\000\040\000b\000a\000t\000t\000l\000e}{subsubsection.2.1.1}% 22
\BOOKMARK [3][-]{subsubsection.2.1.2}{\376\377\000C\000l\000a\000s\000s\000\040\000d\000i\000a\000g\000r\000a\000m}{subsection.2.1}% 23
\BOOKMARK [2][-]{subsection.2.2}{\376\377\000P\000r\000o\000d\000u\000c\000t\000\040\000f\000u\000n\000c\000t\000i\000o\000n\000s}{section.2}% 24
\BOOKMARK [3][-]{subsubsection.2.2.1}{\376\377\000S\000h\000a\000r\000e\000d\000\040\000f\000u\000n\000c\000t\000i\000o\000n\000s}{subsection.2.2}% 25
\BOOKMARK [3][-]{subsubsection.2.2.2}{\376\377\000S\000t\000u\000d\000e\000n\000t\000\040\000f\000u\000n\000c\000t\000i\000o\000n\000s}{subsection.2.2}% 26
\BOOKMARK [3][-]{subsubsection.2.2.3}{\376\377\000E\000d\000u\000c\000a\000t\000o\000r\000\040\000f\000u\000n\000c\000t\000i\000o\000n\000s}{subsection.2.2}% 27
\BOOKMARK [2][-]{subsection.2.3}{\376\377\000U\000s\000e\000r\000\040\000c\000h\000a\000r\000a\000c\000t\000e\000r\000i\000s\000t\000i\000c\000s}{section.2}% 28
\BOOKMARK [2][-]{subsection.2.4}{\376\377\000A\000s\000s\000u\000m\000p\000t\000i\000o\000n\000s\000,\000\040\000d\000e\000p\000e\000n\000d\000e\000n\000c\000i\000e\000s\000\040\000a\000n\000d\000\040\000c\000o\000n\000s\000t\000r\000a\000i\000n\000t\000s}{section.2}% 29
\BOOKMARK [1][-]{section.3}{\376\377\000S\000p\000e\000c\000i\000f\000i\000c\000\040\000r\000e\000q\000u\000i\000r\000e\000m\000e\000n\000t\000s}{}% 30
\BOOKMARK [2][-]{subsection.3.1}{\376\377\000E\000x\000t\000e\000r\000n\000a\000l\000\040\000i\000n\000t\000e\000r\000f\000a\000c\000e\000\040\000r\000e\000q\000u\000i\000r\000e\000m\000e\000n\000t\000s}{section.3}% 31
\BOOKMARK [2][-]{subsection.3.2}{\376\377\000F\000u\000n\000c\000t\000i\000o\000n\000a\000l\000\040\000r\000e\000q\000u\000i\000r\000e\000m\000e\000n\000t\000s}{section.3}% 32
\BOOKMARK [2][-]{subsection.3.3}{\376\377\000P\000e\000r\000f\000o\000r\000m\000a\000n\000c\000e\000\040\000r\000e\000q\000u\000i\000r\000e\000m\000e\000n\000t\000s}{section.3}% 33
\BOOKMARK [2][-]{subsection.3.4}{\376\377\000D\000e\000s\000i\000g\000n\000\040\000c\000o\000n\000s\000t\000r\000a\000i\000n\000t\000s}{section.3}% 34
\BOOKMARK [2][-]{subsection.3.5}{\376\377\000S\000o\000f\000t\000w\000a\000r\000e\000\040\000s\000y\000s\000t\000e\000m\000\040\000a\000t\000t\000r\000i\000b\000u\000t\000e\000s}{section.3}% 35
\BOOKMARK [1][-]{section.4}{\376\377\000F\000o\000r\000m\000a\000l\000\040\000a\000n\000a\000l\000y\000s\000i\000s\000\040\000u\000s\000i\000n\000g\000\040\000A\000l\000l\000o\000y}{}% 36
\BOOKMARK [1][-]{section.5}{\376\377\000E\000f\000f\000o\000r\000t\000\040\000s\000p\000e\000n\000t}{}% 37
\BOOKMARK [1][-]{section.6}{\376\377\000R\000e\000f\000e\000r\000e\000n\000c\000e\000s}{}% 38
